<?xml version="1.0" encoding="UTF-8"?>
<!-- Generated by org.testng.reporters.JUnitReportReporter -->
<testsuite skipped="0" hostname="SHRI" name="Temp.Temp_Login" tests="6" failures="0" timestamp="27 Feb 2019 06:14:25 GMT" time="77.162" errors="0">
  <testcase name="user_enter_the_url" time="2.004" classname="Temp.Temp_Login"/>
  <testcase name="user_is_on_the_application_login_page" time="2.100" classname="Temp.Temp_Login"/>
  <testcase name="user_enters_as_password" time="1.003" classname="Temp.Temp_Login"/>
  <testcase name="user_clicks_on_login_button" time="2.003" classname="Temp.Temp_Login"/>
  <testcase name="user_opens_the_browser" time="69.049" classname="Temp.Temp_Login"/>
  <testcase name="user_enters_as_username" time="1.003" classname="Temp.Temp_Login"/>
</testsuite> <!-- Temp.Temp_Login -->
