<?xml version="1.0" encoding="UTF-8"?>
<!-- Generated by org.testng.reporters.JUnitReportReporter -->
<testsuite skipped="0" hostname="SHRI" name="Temp.MathA" tests="1" failures="0" timestamp="25 Feb 2019 05:54:11 GMT" time="0.007" errors="0">
  <testcase name="Add" time="0.007" classname="Temp.MathA"/>
</testsuite> <!-- Temp.MathA -->
